<?xml version="1.0" encoding="UTF-8"?>
<testsuites>
	<testsuite tests="1" errors="0" failures="0" time="0" timestamp="2016-02-13T23:19:00">
		<testcase classname="loopingFun" name="returns the largest number that allows the loop to execute" time="0">
		</testcase>
	</testsuite>
</testsuites>

